<?xml version="1.0" encoding="UTF-8"?>
<!-- Generated by org.testng.reporters.JUnitReportReporter -->
<testsuite hostname="LAPTOP-BBP419K3" failures="0" tests="2" name="pac1.ContactTest" time="0.006" errors="0" timestamp="12 Jul 2024 08:04:04 GMT" skipped="0">
  <testcase classname="pac1.ContactTest" name="CreateContactTest" time="0.006"/>
  <testcase classname="pac1.ContactTest" name="ModifyContactTest" time="0.000"/>
</testsuite> <!-- pac1.ContactTest -->
