<?xml version="1.0" encoding="UTF-8"?>
<!-- Generated by org.testng.reporters.JUnitReportReporter -->
<testsuite hostname="LAPTOP-BBP419K3" failures="0" tests="2" name="pac2.OrgTest" time="0.006" errors="0" timestamp="12 Jul 2024 08:04:34 GMT" skipped="0">
  <testcase classname="pac2.OrgTest" name="ModifyOrgTest" time="0.000"/>
  <testcase classname="pac2.OrgTest" name="CreateOrgTest" time="0.006"/>
</testsuite> <!-- pac2.OrgTest -->
